[debug] [2018-05-09T01:33:10.253Z] ----------------------------------------------------------------------
[debug] [2018-05-09T01:33:10.256Z] Command:       C:\ProgramFilesNic\Node\node.exe C:\Users\Nicholas\AppData\Roaming\npm\node_modules\firebase-tools\bin\firebase serve --only hosting,functions
[debug] [2018-05-09T01:33:10.256Z] CLI Version:   3.17.7
[debug] [2018-05-09T01:33:10.256Z] Platform:      win32
[debug] [2018-05-09T01:33:10.256Z] Node Version:  v9.9.0
[debug] [2018-05-09T01:33:10.257Z] Time:          Tue May 08 2018 21:33:10 GMT-0400 (Eastern Daylight Time)
[debug] [2018-05-09T01:33:10.257Z] ----------------------------------------------------------------------
[debug] 
[debug] [2018-05-09T01:33:10.276Z] > command requires scopes: ["email","openid","https://www.googleapis.com/auth/cloudplatformprojects.readonly","https://www.googleapis.com/auth/firebase","https://www.googleapis.com/auth/cloud-platform"]
[debug] [2018-05-09T01:33:10.276Z] > authorizing via signed-in user
[debug] [2018-05-09T01:33:10.279Z] > refreshing access token with scopes: ["email","https://www.googleapis.com/auth/cloud-platform","https://www.googleapis.com/auth/cloudplatformprojects.readonly","https://www.googleapis.com/auth/firebase","openid"]
[debug] [2018-05-09T01:33:10.279Z] >>> HTTP REQUEST POST https://www.googleapis.com/oauth2/v3/token  
 { refresh_token: '1/6eB4QoR28BBzvzfNO_Z_DA9CgspgCupW6hFna2HaLXY',
  client_id: '563584335869-fgrhgmd47bqnekij5i8b5pr03ho849e6.apps.googleusercontent.com',
  client_secret: 'j9iVZfS8kkCEFUPaAeJV0sAi',
  grant_type: 'refresh_token',
  scope: 'email https://www.googleapis.com/auth/cloud-platform https://www.googleapis.com/auth/cloudplatformprojects.readonly https://www.googleapis.com/auth/firebase openid' } 
 Tue May 08 2018 21:33:10 GMT-0400 (Eastern Daylight Time)
[debug] [2018-05-09T01:33:10.435Z] <<< HTTP RESPONSE 200
[debug] [2018-05-09T01:33:10.457Z] >>> HTTP REQUEST GET https://admin.firebase.com/v1/projects/rutrep-27e19  
  
 Tue May 08 2018 21:33:10 GMT-0400 (Eastern Daylight Time)
[debug] [2018-05-09T01:33:10.800Z] <<< HTTP RESPONSE 200
[debug] [2018-05-09T01:33:10.803Z] >>> HTTP REQUEST GET https://admin.firebase.com/v1/database/rutrep-27e19/tokens  
  
 Tue May 08 2018 21:33:10 GMT-0400 (Eastern Daylight Time)
[debug] [2018-05-09T01:33:11.117Z] <<< HTTP RESPONSE 200
[debug] [2018-05-09T01:33:11.121Z] >>> HTTP REQUEST GET https://cloudresourcemanager.googleapis.com/v1/projects/rutrep-27e19  
  
 Tue May 08 2018 21:33:11 GMT-0400 (Eastern Daylight Time)
[debug] [2018-05-09T01:33:11.372Z] <<< HTTP RESPONSE 200
[info] 
[info] === Serving from 'C:\Users\Nicholas\Desktop\res_site'...
[info] 
[info] i  functions: Preparing to emulate functions.
[debug] [2018-05-09T01:33:12.406Z] Fetching environment
[debug] [2018-05-09T01:33:12.415Z] >>> HTTP REQUEST GET https://mobilesdk-pa.googleapis.com/v1/projects/365549935446:getServerAppConfig  
  
 Tue May 08 2018 21:33:12 GMT-0400 (Eastern Daylight Time)
[debug] [2018-05-09T01:33:12.417Z] >>> HTTP REQUEST GET https://mobilesdk-pa.googleapis.com/v1/projects/365549935446/clients/_:getWebAppConfig  
  
 Tue May 08 2018 21:33:12 GMT-0400 (Eastern Daylight Time)
[debug] [2018-05-09T01:33:12.737Z] <<< HTTP RESPONSE 200
[debug] [2018-05-09T01:33:12.738Z] Starting @google-cloud/functions-emulator
[debug] [2018-05-09T01:33:12.784Z] <<< HTTP RESPONSE 200
[info] i  hosting: Serving hosting files from: public/
[info] +  hosting: Local server: http://localhost:5000

[debug] [2018-05-09T01:33:15.378Z] Parsing function triggers
[info] +  functions: internal: http://localhost:5001/rutrep-27e19/us-central1/internal
[info] [hosting] Rewriting /in to local function internal
[info] [hosting] Rewriting /in to local function internal
[info] [hosting] Rewriting /in to local function internal
[info] [hosting] Rewriting /in to local function internal
[info] [hosting] Rewriting /in to local function internal
[info] [hosting] Rewriting /in to local function internal
[info] [hosting] Rewriting /in to local function internal
[info] [hosting] Rewriting /in to local function internal
