[debug] [2018-05-09T00:28:30.076Z] ----------------------------------------------------------------------
[debug] [2018-05-09T00:28:30.078Z] Command:       C:\ProgramFilesNic\Node\node.exe C:\Users\Nicholas\AppData\Roaming\npm\node_modules\firebase-tools\bin\firebase serve --only hosting,functions
[debug] [2018-05-09T00:28:30.079Z] CLI Version:   3.17.7
[debug] [2018-05-09T00:28:30.079Z] Platform:      win32
[debug] [2018-05-09T00:28:30.079Z] Node Version:  v9.9.0
[debug] [2018-05-09T00:28:30.079Z] Time:          Tue May 08 2018 20:28:30 GMT-0400 (Eastern Daylight Time)
[debug] [2018-05-09T00:28:30.079Z] ----------------------------------------------------------------------
[debug] 
[debug] [2018-05-09T00:28:30.093Z] > command requires scopes: ["email","openid","https://www.googleapis.com/auth/cloudplatformprojects.readonly","https://www.googleapis.com/auth/firebase","https://www.googleapis.com/auth/cloud-platform"]
[debug] [2018-05-09T00:28:30.093Z] > authorizing via signed-in user
[debug] [2018-05-09T00:28:30.095Z] >>> HTTP REQUEST GET https://admin.firebase.com/v1/projects/rutrep-27e19  
  
 Tue May 08 2018 20:28:30 GMT-0400 (Eastern Daylight Time)
[debug] [2018-05-09T00:28:30.421Z] <<< HTTP RESPONSE 200
[debug] [2018-05-09T00:28:30.423Z] >>> HTTP REQUEST GET https://admin.firebase.com/v1/database/rutrep-27e19/tokens  
  
 Tue May 08 2018 20:28:30 GMT-0400 (Eastern Daylight Time)
[debug] [2018-05-09T00:28:30.729Z] <<< HTTP RESPONSE 200
[debug] [2018-05-09T00:28:30.732Z] >>> HTTP REQUEST GET https://cloudresourcemanager.googleapis.com/v1/projects/rutrep-27e19  
  
 Tue May 08 2018 20:28:30 GMT-0400 (Eastern Daylight Time)
[debug] [2018-05-09T00:28:30.962Z] <<< HTTP RESPONSE 200
[info] 
[info] === Serving from 'C:\Users\Nicholas\Desktop\res_site'...
[info] 
[info] i  functions: Preparing to emulate functions.
[debug] [2018-05-09T00:28:31.781Z] Fetching environment
[debug] [2018-05-09T00:28:31.790Z] >>> HTTP REQUEST GET https://mobilesdk-pa.googleapis.com/v1/projects/365549935446:getServerAppConfig  
  
 Tue May 08 2018 20:28:31 GMT-0400 (Eastern Daylight Time)
[debug] [2018-05-09T00:28:31.791Z] >>> HTTP REQUEST GET https://mobilesdk-pa.googleapis.com/v1/projects/365549935446/clients/_:getWebAppConfig  
  
 Tue May 08 2018 20:28:31 GMT-0400 (Eastern Daylight Time)
[debug] [2018-05-09T00:28:32.078Z] <<< HTTP RESPONSE 200
[debug] [2018-05-09T00:28:32.149Z] <<< HTTP RESPONSE 200
[debug] [2018-05-09T00:28:32.150Z] Starting @google-cloud/functions-emulator
[info] i  hosting: Serving hosting files from: /
[info] +  hosting: Local server: http://localhost:5000

[debug] [2018-05-09T00:28:34.276Z] Parsing function triggers
[info] +  functions: internal: http://localhost:5001/rutrep-27e19/us-central1/internal
[info] Shutting down...
